<?xml version="1.0" encoding="UTF-8"?>
<!-- Generated by org.testng.reporters.JUnitReportReporter -->
<testsuite skipped="0" hostname="DESKTOP-ASB5QBL" name="testNG.EmpRegTC" tests="4" failures="0" timestamp="18 Feb 2023 02:49:33 GMT" time="27.142" errors="0">
  <testcase name="orgEmpReg" time="6.257" classname="testNG.EmpRegTC"/>
  <testcase name="orgEmpReg" time="6.885" classname="testNG.EmpRegTC"/>
  <testcase name="orgEmpReg" time="7.808" classname="testNG.EmpRegTC"/>
  <testcase name="orgEmpReg" time="6.192" classname="testNG.EmpRegTC"/>
</testsuite> <!-- testNG.EmpRegTC -->
