<?xml version="1.0" encoding="UTF-8"?>
<!-- Generated by org.testng.reporters.JUnitReportReporter -->
<testsuite skipped="0" hostname="DESKTOP-ASB5QBL" name="testNG.UserRegTC" tests="1" failures="0" timestamp="18 Feb 2023 02:27:30 GMT" time="15.136" errors="0">
  <testcase name="orgUserReg" time="15.136" classname="testNG.UserRegTC"/>
</testsuite> <!-- testNG.UserRegTC -->
