<?xml version="1.0" encoding="UTF-8"?>
<!-- Generated by org.testng.reporters.JUnitReportReporter -->
<testsuite skipped="0" hostname="DESKTOP-ASB5QBL" name="seleniumgrid.GridEg1" tests="1" failures="0" timestamp="23 Feb 2023 02:12:57 GMT" time="53.920" errors="0">
  <testcase name="grid" time="53.920" classname="seleniumgrid.GridEg1"/>
</testsuite> <!-- seleniumgrid.GridEg1 -->
