<?xml version="1.0" encoding="UTF-8"?>
<!-- Generated by org.testng.reporters.JUnitReportReporter -->
<testsuite skipped="0" hostname="DESKTOP-ASB5QBL" name="pom.POM_LoginTC" tests="1" failures="0" timestamp="21 Feb 2023 02:44:22 GMT" time="37.328" errors="0">
  <testcase name="login" time="37.328" classname="pom.POM_LoginTC"/>
</testsuite> <!-- pom.POM_LoginTC -->
