<?xml version="1.0" encoding="UTF-8"?>
<!-- Generated by org.testng.reporters.JUnitReportReporter -->
<testsuite skipped="0" hostname="DESKTOP-ASB5QBL" name="testNG.AnnotationsEg" tests="4" failures="0" timestamp="17 Feb 2023 02:09:49 GMT" time="0.151" errors="0">
  <testcase name="Function1" time="0.100" classname="testNG.AnnotationsEg"/>
  <testcase name="Function2" time="0.015" classname="testNG.AnnotationsEg"/>
  <testcase name="Function3" time="0.024" classname="testNG.AnnotationsEg"/>
  <testcase name="Apple" time="0.012" classname="testNG.AnnotationsEg"/>
</testsuite> <!-- testNG.AnnotationsEg -->
