<?xml version="1.0" encoding="UTF-8"?>
<!-- Generated by org.testng.reporters.JUnitReportReporter -->
<testsuite skipped="0" hostname="DESKTOP-ASB5QBL" name="testNG.PrimusbankLoginTC" tests="1" failures="0" timestamp="17 Feb 2023 02:37:00 GMT" time="25.941" errors="0">
  <testcase name="appBrachClick" time="25.941" classname="testNG.PrimusbankLoginTC"/>
</testsuite> <!-- testNG.PrimusbankLoginTC -->
