<?xml version="1.0" encoding="UTF-8"?>
<!-- Generated by org.testng.reporters.JUnitReportReporter -->
<testsuite skipped="0" hostname="DESKTOP-ASB5QBL" name="seleniumgrid.GridEg1" tests="3" failures="0" timestamp="24 Feb 2023 01:45:43 GMT" time="309.188" errors="0">
  <testcase name="grid" time="113.196" classname="seleniumgrid.GridEg1"/>
  <testcase name="grid" time="93.094" classname="seleniumgrid.GridEg1"/>
  <testcase name="grid" time="102.898" classname="seleniumgrid.GridEg1"/>
</testsuite> <!-- seleniumgrid.GridEg1 -->
